<?xml version="1.0" encoding="UTF-8"?>
<testsuite name="AnimalsTest" tests="7" skipped="0" failures="0" errors="0" timestamp="2021-06-17T06:22:27" hostname="moringa-ThinkPad-X250" time="0.53">
  <properties/>
  <testcase name="findByIdReturnsCorrectInfo" classname="AnimalsTest" time="0.134"/>
  <testcase name="deleteAllEntries" classname="AnimalsTest" time="0.115"/>
  <testcase name="ensureNameFieldCannotBeEmpty" classname="AnimalsTest" time="0.027"/>
  <testcase name="allInstancesAreSaved" classname="AnimalsTest" time="0.077"/>
  <testcase name="deleteById" classname="AnimalsTest" time="0.065"/>
  <testcase name="testInstanceOfAnimalsClass_true" classname="AnimalsTest" time="0.009"/>
  <testcase name="ensureEntryIsUpdatedCorrectly" classname="AnimalsTest" time="0.074"/>
  <system-out><![CDATA[]]></system-out>
  <system-err><![CDATA[]]></system-err>
</testsuite>
